<?xml version="1.0" encoding="UTF-8"?>
<testsuite xmlns:xsi="http://www.w3.org/2001/XMLSchema-instance" xsi:noNamespaceSchemaLocation="https://maven.apache.org/surefire/maven-surefire-plugin/xsd/surefire-test-report-3.0.xsd" version="3.0" name="TestSuite" time="378.439" tests="52" errors="0" skipped="0" failures="2">
  <properties>
    <property name="java.specification.version" value="17"/>
    <property name="sun.cpu.isalist" value="amd64"/>
    <property name="sun.jnu.encoding" value="Cp1252"/>
    <property name="sun.awt.enableExtraMouseButtons" value="true"/>
    <property name="java.class.path" value="C:\Users\prowe\IdeaProjects\PetCover\target\test-classes;C:\Users\prowe\IdeaProjects\PetCover\target\classes;C:\Users\prowe\.m2\repository\org\seleniumhq\selenium\selenium-java\4.8.0\selenium-java-4.8.0.jar;C:\Users\prowe\.m2\repository\org\seleniumhq\selenium\selenium-api\4.8.0\selenium-api-4.8.0.jar;C:\Users\prowe\.m2\repository\org\seleniumhq\selenium\selenium-chrome-driver\4.8.0\selenium-chrome-driver-4.8.0.jar;C:\Users\prowe\.m2\repository\com\google\auto\service\auto-service-annotations\1.0.1\auto-service-annotations-1.0.1.jar;C:\Users\prowe\.m2\repository\com\google\auto\service\auto-service\1.0.1\auto-service-1.0.1.jar;C:\Users\prowe\.m2\repository\com\google\auto\auto-common\1.2\auto-common-1.2.jar;C:\Users\prowe\.m2\repository\com\google\guava\guava\31.1-jre\guava-31.1-jre.jar;C:\Users\prowe\.m2\repository\com\google\guava\failureaccess\1.0.1\failureaccess-1.0.1.jar;C:\Users\prowe\.m2\repository\com\google\guava\listenablefuture\9999.0-empty-to-avoid-conflict-with-guava\listenablefuture-9999.0-empty-to-avoid-conflict-with-guava.jar;C:\Users\prowe\.m2\repository\com\google\code\findbugs\jsr305\3.0.2\jsr305-3.0.2.jar;C:\Users\prowe\.m2\repository\org\checkerframework\checker-qual\3.12.0\checker-qual-3.12.0.jar;C:\Users\prowe\.m2\repository\com\google\errorprone\error_prone_annotations\2.11.0\error_prone_annotations-2.11.0.jar;C:\Users\prowe\.m2\repository\com\google\j2objc\j2objc-annotations\1.3\j2objc-annotations-1.3.jar;C:\Users\prowe\.m2\repository\org\seleniumhq\selenium\selenium-chromium-driver\4.8.0\selenium-chromium-driver-4.8.0.jar;C:\Users\prowe\.m2\repository\org\seleniumhq\selenium\selenium-json\4.8.0\selenium-json-4.8.0.jar;C:\Users\prowe\.m2\repository\org\seleniumhq\selenium\selenium-devtools-v107\4.8.0\selenium-devtools-v107-4.8.0.jar;C:\Users\prowe\.m2\repository\org\seleniumhq\selenium\selenium-devtools-v108\4.8.0\selenium-devtools-v108-4.8.0.jar;C:\Users\prowe\.m2\repository\org\seleniumhq\selenium\selenium-devtools-v109\4.8.0\selenium-devtools-v109-4.8.0.jar;C:\Users\prowe\.m2\repository\org\seleniumhq\selenium\selenium-devtools-v85\4.8.0\selenium-devtools-v85-4.8.0.jar;C:\Users\prowe\.m2\repository\org\seleniumhq\selenium\selenium-edge-driver\4.8.0\selenium-edge-driver-4.8.0.jar;C:\Users\prowe\.m2\repository\org\seleniumhq\selenium\selenium-firefox-driver\4.8.0\selenium-firefox-driver-4.8.0.jar;C:\Users\prowe\.m2\repository\org\seleniumhq\selenium\selenium-http\4.8.0\selenium-http-4.8.0.jar;C:\Users\prowe\.m2\repository\dev\failsafe\failsafe\3.3.0\failsafe-3.3.0.jar;C:\Users\prowe\.m2\repository\org\seleniumhq\selenium\selenium-ie-driver\4.8.0\selenium-ie-driver-4.8.0.jar;C:\Users\prowe\.m2\repository\org\seleniumhq\selenium\selenium-remote-driver\4.8.0\selenium-remote-driver-4.8.0.jar;C:\Users\prowe\.m2\repository\io\netty\netty-buffer\4.1.87.Final\netty-buffer-4.1.87.Final.jar;C:\Users\prowe\.m2\repository\io\netty\netty-codec-http\4.1.87.Final\netty-codec-http-4.1.87.Final.jar;C:\Users\prowe\.m2\repository\io\netty\netty-codec\4.1.87.Final\netty-codec-4.1.87.Final.jar;C:\Users\prowe\.m2\repository\io\netty\netty-handler\4.1.87.Final\netty-handler-4.1.87.Final.jar;C:\Users\prowe\.m2\repository\io\netty\netty-common\4.1.87.Final\netty-common-4.1.87.Final.jar;C:\Users\prowe\.m2\repository\io\netty\netty-transport-classes-epoll\4.1.87.Final\netty-transport-classes-epoll-4.1.87.Final.jar;C:\Users\prowe\.m2\repository\io\netty\netty-transport-classes-kqueue\4.1.87.Final\netty-transport-classes-kqueue-4.1.87.Final.jar;C:\Users\prowe\.m2\repository\io\netty\netty-transport-native-epoll\4.1.87.Final\netty-transport-native-epoll-4.1.87.Final.jar;C:\Users\prowe\.m2\repository\io\netty\netty-transport-native-kqueue\4.1.87.Final\netty-transport-native-kqueue-4.1.87.Final.jar;C:\Users\prowe\.m2\repository\io\netty\netty-transport-native-unix-common\4.1.87.Final\netty-transport-native-unix-common-4.1.87.Final.jar;C:\Users\prowe\.m2\repository\io\netty\netty-transport\4.1.87.Final\netty-transport-4.1.87.Final.jar;C:\Users\prowe\.m2\repository\io\netty\netty-resolver\4.1.87.Final\netty-resolver-4.1.87.Final.jar;C:\Users\prowe\.m2\repository\io\opentelemetry\opentelemetry-api\1.22.0\opentelemetry-api-1.22.0.jar;C:\Users\prowe\.m2\repository\io\opentelemetry\opentelemetry-context\1.22.0\opentelemetry-context-1.22.0.jar;C:\Users\prowe\.m2\repository\io\opentelemetry\opentelemetry-exporter-logging\1.22.0\opentelemetry-exporter-logging-1.22.0.jar;C:\Users\prowe\.m2\repository\io\opentelemetry\opentelemetry-sdk-metrics\1.22.0\opentelemetry-sdk-metrics-1.22.0.jar;C:\Users\prowe\.m2\repository\io\opentelemetry\opentelemetry-sdk-logs\1.22.0-alpha\opentelemetry-sdk-logs-1.22.0-alpha.jar;C:\Users\prowe\.m2\repository\io\opentelemetry\opentelemetry-api-logs\1.22.0-alpha\opentelemetry-api-logs-1.22.0-alpha.jar;C:\Users\prowe\.m2\repository\io\opentelemetry\opentelemetry-sdk-common\1.22.0\opentelemetry-sdk-common-1.22.0.jar;C:\Users\prowe\.m2\repository\io\opentelemetry\opentelemetry-sdk-extension-autoconfigure-spi\1.22.0\opentelemetry-sdk-extension-autoconfigure-spi-1.22.0.jar;C:\Users\prowe\.m2\repository\io\opentelemetry\opentelemetry-sdk-extension-autoconfigure\1.22.0-alpha\opentelemetry-sdk-extension-autoconfigure-1.22.0-alpha.jar;C:\Users\prowe\.m2\repository\io\opentelemetry\opentelemetry-sdk-trace\1.22.0\opentelemetry-sdk-trace-1.22.0.jar;C:\Users\prowe\.m2\repository\io\opentelemetry\opentelemetry-sdk\1.22.0\opentelemetry-sdk-1.22.0.jar;C:\Users\prowe\.m2\repository\io\opentelemetry\opentelemetry-semconv\1.22.0-alpha\opentelemetry-semconv-1.22.0-alpha.jar;C:\Users\prowe\.m2\repository\io\ous\jtoml\2.0.0\jtoml-2.0.0.jar;C:\Users\prowe\.m2\repository\net\bytebuddy\byte-buddy\1.12.22\byte-buddy-1.12.22.jar;C:\Users\prowe\.m2\repository\org\apache\commons\commons-exec\1.3\commons-exec-1.3.jar;C:\Users\prowe\.m2\repository\org\asynchttpclient\async-http-client\2.12.3\async-http-client-2.12.3.jar;C:\Users\prowe\.m2\repository\org\asynchttpclient\async-http-client-netty-utils\2.12.3\async-http-client-netty-utils-2.12.3.jar;C:\Users\prowe\.m2\repository\io\netty\netty-codec-socks\4.1.60.Final\netty-codec-socks-4.1.60.Final.jar;C:\Users\prowe\.m2\repository\io\netty\netty-handler-proxy\4.1.60.Final\netty-handler-proxy-4.1.60.Final.jar;C:\Users\prowe\.m2\repository\io\netty\netty-transport-native-epoll\4.1.60.Final\netty-transport-native-epoll-4.1.60.Final-linux-x86_64.jar;C:\Users\prowe\.m2\repository\io\netty\netty-transport-native-kqueue\4.1.60.Final\netty-transport-native-kqueue-4.1.60.Final-osx-x86_64.jar;C:\Users\prowe\.m2\repository\com\typesafe\netty\netty-reactive-streams\2.0.4\netty-reactive-streams-2.0.4.jar;C:\Users\prowe\.m2\repository\com\sun\activation\jakarta.activation\1.2.2\jakarta.activation-1.2.2.jar;C:\Users\prowe\.m2\repository\org\seleniumhq\selenium\selenium-manager\4.8.0\selenium-manager-4.8.0.jar;C:\Users\prowe\.m2\repository\org\seleniumhq\selenium\selenium-safari-driver\4.8.0\selenium-safari-driver-4.8.0.jar;C:\Users\prowe\.m2\repository\org\seleniumhq\selenium\selenium-support\4.8.0\selenium-support-4.8.0.jar;C:\Users\prowe\.m2\repository\io\github\bonigarcia\webdrivermanager\5.3.0\webdrivermanager-5.3.0.jar;C:\Users\prowe\.m2\repository\org\slf4j\slf4j-api\1.7.36\slf4j-api-1.7.36.jar;C:\Users\prowe\.m2\repository\com\google\code\gson\gson\2.9.1\gson-2.9.1.jar;C:\Users\prowe\.m2\repository\com\github\docker-java\docker-java\3.2.13\docker-java-3.2.13.jar;C:\Users\prowe\.m2\repository\com\github\docker-java\docker-java-core\3.2.13\docker-java-core-3.2.13.jar;C:\Users\prowe\.m2\repository\com\github\docker-java\docker-java-api\3.2.13\docker-java-api-3.2.13.jar;C:\Users\prowe\.m2\repository\com\fasterxml\jackson\core\jackson-annotations\2.10.3\jackson-annotations-2.10.3.jar;C:\Users\prowe\.m2\repository\commons-io\commons-io\2.6\commons-io-2.6.jar;C:\Users\prowe\.m2\repository\org\apache\commons\commons-compress\1.21\commons-compress-1.21.jar;C:\Users\prowe\.m2\repository\com\fasterxml\jackson\core\jackson-databind\2.10.3\jackson-databind-2.10.3.jar;C:\Users\prowe\.m2\repository\com\fasterxml\jackson\core\jackson-core\2.10.3\jackson-core-2.10.3.jar;C:\Users\prowe\.m2\repository\org\bouncycastle\bcpkix-jdk15on\1.64\bcpkix-jdk15on-1.64.jar;C:\Users\prowe\.m2\repository\org\bouncycastle\bcprov-jdk15on\1.64\bcprov-jdk15on-1.64.jar;C:\Users\prowe\.m2\repository\org\slf4j\jcl-over-slf4j\1.7.30\jcl-over-slf4j-1.7.30.jar;C:\Users\prowe\.m2\repository\com\github\docker-java\docker-java-transport-httpclient5\3.2.13\docker-java-transport-httpclient5-3.2.13.jar;C:\Users\prowe\.m2\repository\com\github\docker-java\docker-java-transport\3.2.13\docker-java-transport-3.2.13.jar;C:\Users\prowe\.m2\repository\net\java\dev\jna\jna\5.8.0\jna-5.8.0.jar;C:\Users\prowe\.m2\repository\org\brotli\dec\0.1.2\dec-0.1.2.jar;C:\Users\prowe\.m2\repository\org\apache\commons\commons-lang3\3.12.0\commons-lang3-3.12.0.jar;C:\Users\prowe\.m2\repository\org\apache\httpcomponents\client5\httpclient5\5.1.3\httpclient5-5.1.3.jar;C:\Users\prowe\.m2\repository\org\apache\httpcomponents\core5\httpcore5\5.1.3\httpcore5-5.1.3.jar;C:\Users\prowe\.m2\repository\org\apache\httpcomponents\core5\httpcore5-h2\5.1.3\httpcore5-h2-5.1.3.jar;C:\Users\prowe\.m2\repository\commons-codec\commons-codec\1.15\commons-codec-1.15.jar;C:\Users\prowe\.m2\repository\org\testng\testng\7.7.0\testng-7.7.0.jar;C:\Users\prowe\.m2\repository\com\beust\jcommander\1.82\jcommander-1.82.jar;C:\Users\prowe\.m2\repository\org\webjars\jquery\3.6.1\jquery-3.6.1.jar;C:\Users\prowe\.m2\repository\com\aventstack\extentreports\5.0.9\extentreports-5.0.9.jar;C:\Users\prowe\.m2\repository\io\reactivex\rxjava3\rxjava\3.0.4\rxjava-3.0.4.jar;C:\Users\prowe\.m2\repository\org\reactivestreams\reactive-streams\1.0.3\reactive-streams-1.0.3.jar;C:\Users\prowe\.m2\repository\org\freemarker\freemarker\2.3.30\freemarker-2.3.30.jar;C:\Users\prowe\.m2\repository\org\projectlombok\lombok\1.18.26\lombok-1.18.26.jar;C:\Users\prowe\.m2\repository\com\github\stephenc\monte\monte-screen-recorder\0.7.7.0\monte-screen-recorder-0.7.7.0.jar;"/>
    <property name="java.vm.vendor" value="Oracle Corporation"/>
    <property name="sun.arch.data.model" value="64"/>
    <property name="user.variant" value=""/>
    <property name="java.vendor.url" value="https://java.oracle.com/"/>
    <property name="user.timezone" value="Asia/Calcutta"/>
    <property name="os.name" value="Windows 11"/>
    <property name="java.vm.specification.version" value="17"/>
    <property name="sun.java.launcher" value="SUN_STANDARD"/>
    <property name="user.country" value="IN"/>
    <property name="sun.boot.library.path" value="C:\Program Files\Java\jdk-17\bin"/>
    <property name="sun.java.command" value="C:\Users\prowe\AppData\Local\Temp\surefire18437773293392392653\surefirebooter-20230323111820976_3.jar C:\Users\prowe\AppData\Local\Temp\surefire18437773293392392653 2023-03-23T11-18-20_848-jvmRun1 surefire-20230323111820976_1tmp surefire_0-20230323111820976_2tmp"/>
    <property name="jdk.debug" value="release"/>
    <property name="surefire.test.class.path" value="C:\Users\prowe\IdeaProjects\PetCover\target\test-classes;C:\Users\prowe\IdeaProjects\PetCover\target\classes;C:\Users\prowe\.m2\repository\org\seleniumhq\selenium\selenium-java\4.8.0\selenium-java-4.8.0.jar;C:\Users\prowe\.m2\repository\org\seleniumhq\selenium\selenium-api\4.8.0\selenium-api-4.8.0.jar;C:\Users\prowe\.m2\repository\org\seleniumhq\selenium\selenium-chrome-driver\4.8.0\selenium-chrome-driver-4.8.0.jar;C:\Users\prowe\.m2\repository\com\google\auto\service\auto-service-annotations\1.0.1\auto-service-annotations-1.0.1.jar;C:\Users\prowe\.m2\repository\com\google\auto\service\auto-service\1.0.1\auto-service-1.0.1.jar;C:\Users\prowe\.m2\repository\com\google\auto\auto-common\1.2\auto-common-1.2.jar;C:\Users\prowe\.m2\repository\com\google\guava\guava\31.1-jre\guava-31.1-jre.jar;C:\Users\prowe\.m2\repository\com\google\guava\failureaccess\1.0.1\failureaccess-1.0.1.jar;C:\Users\prowe\.m2\repository\com\google\guava\listenablefuture\9999.0-empty-to-avoid-conflict-with-guava\listenablefuture-9999.0-empty-to-avoid-conflict-with-guava.jar;C:\Users\prowe\.m2\repository\com\google\code\findbugs\jsr305\3.0.2\jsr305-3.0.2.jar;C:\Users\prowe\.m2\repository\org\checkerframework\checker-qual\3.12.0\checker-qual-3.12.0.jar;C:\Users\prowe\.m2\repository\com\google\errorprone\error_prone_annotations\2.11.0\error_prone_annotations-2.11.0.jar;C:\Users\prowe\.m2\repository\com\google\j2objc\j2objc-annotations\1.3\j2objc-annotations-1.3.jar;C:\Users\prowe\.m2\repository\org\seleniumhq\selenium\selenium-chromium-driver\4.8.0\selenium-chromium-driver-4.8.0.jar;C:\Users\prowe\.m2\repository\org\seleniumhq\selenium\selenium-json\4.8.0\selenium-json-4.8.0.jar;C:\Users\prowe\.m2\repository\org\seleniumhq\selenium\selenium-devtools-v107\4.8.0\selenium-devtools-v107-4.8.0.jar;C:\Users\prowe\.m2\repository\org\seleniumhq\selenium\selenium-devtools-v108\4.8.0\selenium-devtools-v108-4.8.0.jar;C:\Users\prowe\.m2\repository\org\seleniumhq\selenium\selenium-devtools-v109\4.8.0\selenium-devtools-v109-4.8.0.jar;C:\Users\prowe\.m2\repository\org\seleniumhq\selenium\selenium-devtools-v85\4.8.0\selenium-devtools-v85-4.8.0.jar;C:\Users\prowe\.m2\repository\org\seleniumhq\selenium\selenium-edge-driver\4.8.0\selenium-edge-driver-4.8.0.jar;C:\Users\prowe\.m2\repository\org\seleniumhq\selenium\selenium-firefox-driver\4.8.0\selenium-firefox-driver-4.8.0.jar;C:\Users\prowe\.m2\repository\org\seleniumhq\selenium\selenium-http\4.8.0\selenium-http-4.8.0.jar;C:\Users\prowe\.m2\repository\dev\failsafe\failsafe\3.3.0\failsafe-3.3.0.jar;C:\Users\prowe\.m2\repository\org\seleniumhq\selenium\selenium-ie-driver\4.8.0\selenium-ie-driver-4.8.0.jar;C:\Users\prowe\.m2\repository\org\seleniumhq\selenium\selenium-remote-driver\4.8.0\selenium-remote-driver-4.8.0.jar;C:\Users\prowe\.m2\repository\io\netty\netty-buffer\4.1.87.Final\netty-buffer-4.1.87.Final.jar;C:\Users\prowe\.m2\repository\io\netty\netty-codec-http\4.1.87.Final\netty-codec-http-4.1.87.Final.jar;C:\Users\prowe\.m2\repository\io\netty\netty-codec\4.1.87.Final\netty-codec-4.1.87.Final.jar;C:\Users\prowe\.m2\repository\io\netty\netty-handler\4.1.87.Final\netty-handler-4.1.87.Final.jar;C:\Users\prowe\.m2\repository\io\netty\netty-common\4.1.87.Final\netty-common-4.1.87.Final.jar;C:\Users\prowe\.m2\repository\io\netty\netty-transport-classes-epoll\4.1.87.Final\netty-transport-classes-epoll-4.1.87.Final.jar;C:\Users\prowe\.m2\repository\io\netty\netty-transport-classes-kqueue\4.1.87.Final\netty-transport-classes-kqueue-4.1.87.Final.jar;C:\Users\prowe\.m2\repository\io\netty\netty-transport-native-epoll\4.1.87.Final\netty-transport-native-epoll-4.1.87.Final.jar;C:\Users\prowe\.m2\repository\io\netty\netty-transport-native-kqueue\4.1.87.Final\netty-transport-native-kqueue-4.1.87.Final.jar;C:\Users\prowe\.m2\repository\io\netty\netty-transport-native-unix-common\4.1.87.Final\netty-transport-native-unix-common-4.1.87.Final.jar;C:\Users\prowe\.m2\repository\io\netty\netty-transport\4.1.87.Final\netty-transport-4.1.87.Final.jar;C:\Users\prowe\.m2\repository\io\netty\netty-resolver\4.1.87.Final\netty-resolver-4.1.87.Final.jar;C:\Users\prowe\.m2\repository\io\opentelemetry\opentelemetry-api\1.22.0\opentelemetry-api-1.22.0.jar;C:\Users\prowe\.m2\repository\io\opentelemetry\opentelemetry-context\1.22.0\opentelemetry-context-1.22.0.jar;C:\Users\prowe\.m2\repository\io\opentelemetry\opentelemetry-exporter-logging\1.22.0\opentelemetry-exporter-logging-1.22.0.jar;C:\Users\prowe\.m2\repository\io\opentelemetry\opentelemetry-sdk-metrics\1.22.0\opentelemetry-sdk-metrics-1.22.0.jar;C:\Users\prowe\.m2\repository\io\opentelemetry\opentelemetry-sdk-logs\1.22.0-alpha\opentelemetry-sdk-logs-1.22.0-alpha.jar;C:\Users\prowe\.m2\repository\io\opentelemetry\opentelemetry-api-logs\1.22.0-alpha\opentelemetry-api-logs-1.22.0-alpha.jar;C:\Users\prowe\.m2\repository\io\opentelemetry\opentelemetry-sdk-common\1.22.0\opentelemetry-sdk-common-1.22.0.jar;C:\Users\prowe\.m2\repository\io\opentelemetry\opentelemetry-sdk-extension-autoconfigure-spi\1.22.0\opentelemetry-sdk-extension-autoconfigure-spi-1.22.0.jar;C:\Users\prowe\.m2\repository\io\opentelemetry\opentelemetry-sdk-extension-autoconfigure\1.22.0-alpha\opentelemetry-sdk-extension-autoconfigure-1.22.0-alpha.jar;C:\Users\prowe\.m2\repository\io\opentelemetry\opentelemetry-sdk-trace\1.22.0\opentelemetry-sdk-trace-1.22.0.jar;C:\Users\prowe\.m2\repository\io\opentelemetry\opentelemetry-sdk\1.22.0\opentelemetry-sdk-1.22.0.jar;C:\Users\prowe\.m2\repository\io\opentelemetry\opentelemetry-semconv\1.22.0-alpha\opentelemetry-semconv-1.22.0-alpha.jar;C:\Users\prowe\.m2\repository\io\ous\jtoml\2.0.0\jtoml-2.0.0.jar;C:\Users\prowe\.m2\repository\net\bytebuddy\byte-buddy\1.12.22\byte-buddy-1.12.22.jar;C:\Users\prowe\.m2\repository\org\apache\commons\commons-exec\1.3\commons-exec-1.3.jar;C:\Users\prowe\.m2\repository\org\asynchttpclient\async-http-client\2.12.3\async-http-client-2.12.3.jar;C:\Users\prowe\.m2\repository\org\asynchttpclient\async-http-client-netty-utils\2.12.3\async-http-client-netty-utils-2.12.3.jar;C:\Users\prowe\.m2\repository\io\netty\netty-codec-socks\4.1.60.Final\netty-codec-socks-4.1.60.Final.jar;C:\Users\prowe\.m2\repository\io\netty\netty-handler-proxy\4.1.60.Final\netty-handler-proxy-4.1.60.Final.jar;C:\Users\prowe\.m2\repository\io\netty\netty-transport-native-epoll\4.1.60.Final\netty-transport-native-epoll-4.1.60.Final-linux-x86_64.jar;C:\Users\prowe\.m2\repository\io\netty\netty-transport-native-kqueue\4.1.60.Final\netty-transport-native-kqueue-4.1.60.Final-osx-x86_64.jar;C:\Users\prowe\.m2\repository\com\typesafe\netty\netty-reactive-streams\2.0.4\netty-reactive-streams-2.0.4.jar;C:\Users\prowe\.m2\repository\com\sun\activation\jakarta.activation\1.2.2\jakarta.activation-1.2.2.jar;C:\Users\prowe\.m2\repository\org\seleniumhq\selenium\selenium-manager\4.8.0\selenium-manager-4.8.0.jar;C:\Users\prowe\.m2\repository\org\seleniumhq\selenium\selenium-safari-driver\4.8.0\selenium-safari-driver-4.8.0.jar;C:\Users\prowe\.m2\repository\org\seleniumhq\selenium\selenium-support\4.8.0\selenium-support-4.8.0.jar;C:\Users\prowe\.m2\repository\io\github\bonigarcia\webdrivermanager\5.3.0\webdrivermanager-5.3.0.jar;C:\Users\prowe\.m2\repository\org\slf4j\slf4j-api\1.7.36\slf4j-api-1.7.36.jar;C:\Users\prowe\.m2\repository\com\google\code\gson\gson\2.9.1\gson-2.9.1.jar;C:\Users\prowe\.m2\repository\com\github\docker-java\docker-java\3.2.13\docker-java-3.2.13.jar;C:\Users\prowe\.m2\repository\com\github\docker-java\docker-java-core\3.2.13\docker-java-core-3.2.13.jar;C:\Users\prowe\.m2\repository\com\github\docker-java\docker-java-api\3.2.13\docker-java-api-3.2.13.jar;C:\Users\prowe\.m2\repository\com\fasterxml\jackson\core\jackson-annotations\2.10.3\jackson-annotations-2.10.3.jar;C:\Users\prowe\.m2\repository\commons-io\commons-io\2.6\commons-io-2.6.jar;C:\Users\prowe\.m2\repository\org\apache\commons\commons-compress\1.21\commons-compress-1.21.jar;C:\Users\prowe\.m2\repository\com\fasterxml\jackson\core\jackson-databind\2.10.3\jackson-databind-2.10.3.jar;C:\Users\prowe\.m2\repository\com\fasterxml\jackson\core\jackson-core\2.10.3\jackson-core-2.10.3.jar;C:\Users\prowe\.m2\repository\org\bouncycastle\bcpkix-jdk15on\1.64\bcpkix-jdk15on-1.64.jar;C:\Users\prowe\.m2\repository\org\bouncycastle\bcprov-jdk15on\1.64\bcprov-jdk15on-1.64.jar;C:\Users\prowe\.m2\repository\org\slf4j\jcl-over-slf4j\1.7.30\jcl-over-slf4j-1.7.30.jar;C:\Users\prowe\.m2\repository\com\github\docker-java\docker-java-transport-httpclient5\3.2.13\docker-java-transport-httpclient5-3.2.13.jar;C:\Users\prowe\.m2\repository\com\github\docker-java\docker-java-transport\3.2.13\docker-java-transport-3.2.13.jar;C:\Users\prowe\.m2\repository\net\java\dev\jna\jna\5.8.0\jna-5.8.0.jar;C:\Users\prowe\.m2\repository\org\brotli\dec\0.1.2\dec-0.1.2.jar;C:\Users\prowe\.m2\repository\org\apache\commons\commons-lang3\3.12.0\commons-lang3-3.12.0.jar;C:\Users\prowe\.m2\repository\org\apache\httpcomponents\client5\httpclient5\5.1.3\httpclient5-5.1.3.jar;C:\Users\prowe\.m2\repository\org\apache\httpcomponents\core5\httpcore5\5.1.3\httpcore5-5.1.3.jar;C:\Users\prowe\.m2\repository\org\apache\httpcomponents\core5\httpcore5-h2\5.1.3\httpcore5-h2-5.1.3.jar;C:\Users\prowe\.m2\repository\commons-codec\commons-codec\1.15\commons-codec-1.15.jar;C:\Users\prowe\.m2\repository\org\testng\testng\7.7.0\testng-7.7.0.jar;C:\Users\prowe\.m2\repository\com\beust\jcommander\1.82\jcommander-1.82.jar;C:\Users\prowe\.m2\repository\org\webjars\jquery\3.6.1\jquery-3.6.1.jar;C:\Users\prowe\.m2\repository\com\aventstack\extentreports\5.0.9\extentreports-5.0.9.jar;C:\Users\prowe\.m2\repository\io\reactivex\rxjava3\rxjava\3.0.4\rxjava-3.0.4.jar;C:\Users\prowe\.m2\repository\org\reactivestreams\reactive-streams\1.0.3\reactive-streams-1.0.3.jar;C:\Users\prowe\.m2\repository\org\freemarker\freemarker\2.3.30\freemarker-2.3.30.jar;C:\Users\prowe\.m2\repository\org\projectlombok\lombok\1.18.26\lombok-1.18.26.jar;C:\Users\prowe\.m2\repository\com\github\stephenc\monte\monte-screen-recorder\0.7.7.0\monte-screen-recorder-0.7.7.0.jar;"/>
    <property name="sun.cpu.endian" value="little"/>
    <property name="user.home" value="C:\Users\prowe"/>
    <property name="user.language" value="en"/>
    <property name="java.specification.vendor" value="Oracle Corporation"/>
    <property name="java.version.date" value="2023-01-17"/>
    <property name="java.home" value="C:\Program Files\Java\jdk-17"/>
    <property name="file.separator" value="\"/>
    <property name="basedir" value="C:\Users\prowe\IdeaProjects\PetCover"/>
    <property name="java.vm.compressedOopsMode" value="Zero based"/>
    <property name="line.separator" value="&#10;"/>
    <property name="java.vm.specification.vendor" value="Oracle Corporation"/>
    <property name="java.specification.name" value="Java Platform API Specification"/>
    <property name="surefire.real.class.path" value="C:\Users\prowe\AppData\Local\Temp\surefire18437773293392392653\surefirebooter-20230323111820976_3.jar"/>
    <property name="user.script" value=""/>
    <property name="sun.management.compiler" value="HotSpot 64-Bit Tiered Compilers"/>
    <property name="java.runtime.version" value="17.0.6+9-LTS-190"/>
    <property name="user.name" value="prowe"/>
    <property name="path.separator" value=";"/>
    <property name="os.version" value="10.0"/>
    <property name="java.runtime.name" value="Java(TM) SE Runtime Environment"/>
    <property name="file.encoding" value="Cp1252"/>
    <property name="java.vm.name" value="Java HotSpot(TM) 64-Bit Server VM"/>
    <property name="localRepository" value="C:\Users\prowe\.m2\repository"/>
    <property name="java.vendor.url.bug" value="https://bugreport.java.com/bugreport/"/>
    <property name="java.io.tmpdir" value="C:\Users\prowe\AppData\Local\Temp\"/>
    <property name="java.version" value="17.0.6"/>
    <property name="user.dir" value="C:\Users\prowe\IdeaProjects\PetCover"/>
    <property name="os.arch" value="amd64"/>
    <property name="java.vm.specification.name" value="Java Virtual Machine Specification"/>
    <property name="sun.os.patch.level" value=""/>
    <property name="native.encoding" value="Cp1252"/>
    <property name="java.library.path" value="C:\Program Files\Java\jdk-17\bin;C:\Windows\Sun\Java\bin;C:\Windows\system32;C:\Windows;C:\Program Files\Common Files\Oracle\Java\javapath;C:\Windows\system32;C:\Windows;C:\Windows\System32\Wbem;C:\Windows\System32\WindowsPowerShell\v1.0\;C:\Windows\System32\OpenSSH\;C:\Program Files\dotnet\;C:\Software\apache-maven-3.9.0-bin\apache-maven-3.9.0\bin;C:\Program Files\Java\jdk-17\bin;C:\Program Files\Git\cmd;C:\Program Files\Common Files\Oracle\Java\javapath;C:\Windows\system32;C:\Windows;C:\Windows\System32\Wbem;C:\Windows\System32\WindowsPowerShell\v1.0\;C:\Windows\System32\OpenSSH\;C:\Program Files\dotnet\;C:\Users\prowe\AppData\Local\Microsoft\WindowsApps;C:\Program Files\JetBrains\IntelliJ IDEA\bin;C:\Program Files\Java\jdk-17\bin;C:\Users\prowe\AppData\Local\GitHubDesktop\bin;."/>
    <property name="java.vm.info" value="mixed mode, sharing"/>
    <property name="java.vendor" value="Oracle Corporation"/>
    <property name="java.vm.version" value="17.0.6+9-LTS-190"/>
    <property name="sun.io.unicode.encoding" value="UnicodeLittle"/>
    <property name="java.class.version" value="61.0"/>
  </properties>
  <testcase name="verifyLogin" classname="testCases.Tc001_Login_Verify" time="3.278">
    <system-out><![CDATA[Page Contains Required String (en-GB)
]]></system-out>
    <system-err><![CDATA[SLF4J: Failed to load class "org.slf4j.impl.StaticLoggerBinder".
SLF4J: Defaulting to no-operation (NOP) logger implementation
SLF4J: See http://www.slf4j.org/codes.html#StaticLoggerBinder for further details.
Starting Microsoft Edge WebDriver 111.0.1661.44 (fc2a57ec5a410298200db8ad3013657d5472c408) on port 34347
To submit feedback, report a bug, or suggest new features, please visit https://github.com/MicrosoftEdge/EdgeWebDriver

Only local connections are allowed.
Please see https://aka.ms/WebDriverSecurity for suggestions on keeping Microsoft Edge WebDriver safe.

Microsoft Edge WebDriver was started successfully.
Mar 23, 2023 11:18:25 AM org.openqa.selenium.devtools.CdpVersionFinder findNearestMatch
WARNING: Unable to find an exact match for CDP version 111, so returning the closest version found: 109
]]></system-err>
  </testcase>
  <testcase name="verifyLogin" classname="testCases.Tc001_Login_Verify" time="2.962">
    <system-out><![CDATA[Page Contains Required String (en-GB)
]]></system-out>
    <system-err><![CDATA[Starting ChromeDriver 111.0.5563.64 (c710e93d5b63b7095afe8c2c17df34408078439d-refs/branch-heads/5563@{#995}) on port 7608
Only local connections are allowed.
Please see https://chromedriver.chromium.org/security-considerations for suggestions on keeping ChromeDriver safe.
ChromeDriver was started successfully.
Mar 23, 2023 11:21:34 AM org.openqa.selenium.devtools.CdpVersionFinder findNearestMatch
WARNING: Unable to find an exact match for CDP version 111, so returning the closest version found: 109
]]></system-err>
  </testcase>
  <testcase name="verifyRole" classname="testCases.Tc001_Login_Verify" time="0.166"/>
  <testcase name="verifyRole" classname="testCases.Tc001_Login_Verify" time="0.127"/>
  <testcase name="verifyItemsOnDashboard" classname="testCases.Tc001_Login_Verify" time="0.412">
    <system-out><![CDATA[Client 18677 0
Client Tag Is Presented
Total Client Number Has Updated
Monthly Client Number Has Updated
Quote 41891 17
Quote Tag Is Presented
Total Quote Number Has Updated
Monthly Quote Number Has Updated
Policy 19068 14
Policy Tag Is Presented
Total Policy Number Has Updated
Monthly Policy Number Has Updated
Claim 148 4
Claim Tag Is Presented
Total Claim Number Has Updated
Monthly Claim Number Has Updated
]]></system-out>
  </testcase>
  <testcase name="verifyItemsOnDashboard" classname="testCases.Tc001_Login_Verify" time="0.36">
    <system-out><![CDATA[Client 18677 0
Client Tag Is Presented
Total Client Number Has Updated
Monthly Client Number Has Updated
Quote 41891 17
Quote Tag Is Presented
Total Quote Number Has Updated
Monthly Quote Number Has Updated
Policy 19068 14
Policy Tag Is Presented
Total Policy Number Has Updated
Monthly Policy Number Has Updated
Claim 148 4
Claim Tag Is Presented
Total Claim Number Has Updated
Monthly Claim Number Has Updated
]]></system-out>
  </testcase>
  <testcase name="verifyGraphMessages" classname="testCases.Tc001_Login_Verify" time="0.255">
    <system-out><![CDATA[Client, Quote, policy and Claims Created Details (Last 6 Months)
Policy Paid Amount v/s Outstanding Amount (Last 6 Months)
Claim Paid Amount v/s Reversal Amount (Last 6 Months)
Quote Status (March 2023)
Policy Status (March 2023)
Claim by Treatment Status (March 2023)
]]></system-out>
  </testcase>
  <testcase name="verifyGraphMessages" classname="testCases.Tc001_Login_Verify" time="0.246">
    <system-out><![CDATA[Client, Quote, policy and Claims Created Details (Last 6 Months)
Policy Paid Amount v/s Outstanding Amount (Last 6 Months)
Claim Paid Amount v/s Reversal Amount (Last 6 Months)
Quote Status (March 2023)
Policy Status (March 2023)
Claim by Treatment Status (March 2023)
]]></system-out>
  </testcase>
  <testcase name="verifyClientManagePage" classname="testCases.Tc001_Login_Verify" time="2.285">
    <system-out><![CDATA[http://52.32.106.250:7779/Client
LUIS-0002 ZULETA Luis 2 West Court, West Terrace, Penarth test@test.com +44123456784567
JAMI-0013 ABU JAMIL H M Revenue & Customs, City Centre House, 30 Union Street, Birmingham sweety.jadhav@prowerse.com +449876543210
ALKH-0004 4 West Court, West Terrace, Penarth test@test.com +44234523456
ALKH-0003 AIRCRAFT AVIONICS PARTS AND SUPPORT LTD 50 St. Leonards Road, Hove test@test.com +44123456234563
ALKH-0002 RWR INTERNATIONAL COMMODITIES 3 Madeville palace test@test.com +4412345234234
ALKH-0001 3 Mandeville Place test@test.com +44123423423232
LUIS-0001 ZULETA Luis 205 Leeds Road, Nelson Sweety.jadhav@prowerse.com +44123456789567
JAMI-0012 ABU JAMIL Barber Institute of Fine Arts, University of Birmingham, Edgbaston, Birmingham Test@test.com +441122334455
BROD-0003 Apartment sweety.jadhav@prowerse.com +441234567890
KOTE-0002 Alexanda Kote 1 Ilderton Place mostwantedisin@gmail.com +44123456789

LUIS-0002
ZULETA Luis
2 West Court, West Terrace, Penarth
test@test.com
+44123456784567


JAMI-0013
ABU JAMIL
H M Revenue & Customs, City Centre House, 30 Union Street, Birmingham
sweety.jadhav@prowerse.com
+449876543210


ALKH-0004

4 West Court, West Terrace, Penarth
test@test.com
+44234523456


ALKH-0003
AIRCRAFT AVIONICS PARTS AND SUPPORT LTD
50 St. Leonards Road, Hove
test@test.com
+44123456234563


ALKH-0002
RWR INTERNATIONAL COMMODITIES
3 Madeville palace
test@test.com
+4412345234234


ALKH-0001

3 Mandeville Place
test@test.com
+44123423423232


LUIS-0001
ZULETA Luis
205 Leeds Road, Nelson
Sweety.jadhav@prowerse.com
+44123456789567


JAMI-0012
ABU JAMIL
Barber Institute of Fine Arts, University of Birmingham, Edgbaston, Birmingham
Test@test.com
+441122334455


BROD-0003

Apartment
sweety.jadhav@prowerse.com
+441234567890


KOTE-0002
Alexanda Kote
1 Ilderton Place
mostwantedisin@gmail.com
+44123456789

]]></system-out>
  </testcase>
  <testcase name="verifyClientManagePage" classname="testCases.Tc001_Login_Verify" time="2.229">
    <system-out><![CDATA[http://52.32.106.250:7779/Client
LUIS-0002 ZULETA Luis 2 West Court, West Terrace, Penarth test@test.com +44123456784567
JAMI-0013 ABU JAMIL H M Revenue & Customs, City Centre House, 30 Union Street, Birmingham sweety.jadhav@prowerse.com +449876543210
ALKH-0004 4 West Court, West Terrace, Penarth test@test.com +44234523456
ALKH-0003 AIRCRAFT AVIONICS PARTS AND SUPPORT LTD 50 St. Leonards Road, Hove test@test.com +44123456234563
ALKH-0002 RWR INTERNATIONAL COMMODITIES 3 Madeville palace test@test.com +4412345234234
ALKH-0001 3 Mandeville Place test@test.com +44123423423232
LUIS-0001 ZULETA Luis 205 Leeds Road, Nelson Sweety.jadhav@prowerse.com +44123456789567
JAMI-0012 ABU JAMIL Barber Institute of Fine Arts, University of Birmingham, Edgbaston, Birmingham Test@test.com +441122334455
BROD-0003 Apartment sweety.jadhav@prowerse.com +441234567890
KOTE-0002 Alexanda Kote 1 Ilderton Place mostwantedisin@gmail.com +44123456789

LUIS-0002
ZULETA Luis
2 West Court, West Terrace, Penarth
test@test.com
+44123456784567


JAMI-0013
ABU JAMIL
H M Revenue & Customs, City Centre House, 30 Union Street, Birmingham
sweety.jadhav@prowerse.com
+449876543210


ALKH-0004

4 West Court, West Terrace, Penarth
test@test.com
+44234523456


ALKH-0003
AIRCRAFT AVIONICS PARTS AND SUPPORT LTD
50 St. Leonards Road, Hove
test@test.com
+44123456234563


ALKH-0002
RWR INTERNATIONAL COMMODITIES
3 Madeville palace
test@test.com
+4412345234234


ALKH-0001

3 Mandeville Place
test@test.com
+44123423423232


LUIS-0001
ZULETA Luis
205 Leeds Road, Nelson
Sweety.jadhav@prowerse.com
+44123456789567


JAMI-0012
ABU JAMIL
Barber Institute of Fine Arts, University of Birmingham, Edgbaston, Birmingham
Test@test.com
+441122334455


BROD-0003

Apartment
sweety.jadhav@prowerse.com
+441234567890


KOTE-0002
Alexanda Kote
1 Ilderton Place
mostwantedisin@gmail.com
+44123456789

]]></system-out>
  </testcase>
  <testcase name="verifyQuoteManagePage" classname="testCases.Tc001_Login_Verify" time="4.08">
    <system-out><![CDATA[Q0041832 17.02.2023 18.03.2023 Open Pet Lover test@test.com No Product
Q0041809 10.02.2023 11.03.2023 Open test@test.com Entry (Lifetime)
Q0041808 10.02.2023 11.03.2023 Open test@test.com Superior (Lifetime)
Q0041807 10.02.2023 11.03.2023 Open RWR INTERNATIONAL COMMODITIES test@test.com Superior (Lifetime)
Q0041806 10.02.2023 11.03.2023 Open RWR INTERNATIONAL COMMODITIES test@test.com Superior (Lifetime)
Q0041805 10.02.2023 11.03.2023 Open RWR INTERNATIONAL COMMODITIES test@test.com Mid Point (Lifetime)
Q0041804 10.02.2023 11.03.2023 Open test@test.com Mid Point (Lifetime)
Q0041803 10.02.2023 11.03.2023 Open test@test.com Premier
Q0041802 10.02.2023 11.03.2023 Open test@test.com Introductory Cover Cat Breeder
Q0041801 10.02.2023 11.03.2023 Open test@test.com Introductory Cover Dog Vet

Q0041832
17.02.2023
18.03.2023
Open
Pet Lover
test@test.com
No Product













Q0041809
10.02.2023
11.03.2023
Open

test@test.com
Entry (Lifetime)













Q0041808
10.02.2023
11.03.2023
Open

test@test.com
Superior (Lifetime)













Q0041807
10.02.2023
11.03.2023
Open
RWR INTERNATIONAL COMMODITIES
test@test.com
Superior (Lifetime)













Q0041806
10.02.2023
11.03.2023
Open
RWR INTERNATIONAL COMMODITIES
test@test.com
Superior (Lifetime)













Q0041805
10.02.2023
11.03.2023
Open
RWR INTERNATIONAL COMMODITIES
test@test.com
Mid Point (Lifetime)













Q0041804
10.02.2023
11.03.2023
Open

test@test.com
Mid Point (Lifetime)













Q0041803
10.02.2023
11.03.2023
Open

test@test.com
Premier













Q0041802
10.02.2023
11.03.2023
Open

test@test.com
Introductory Cover Cat Breeder













Q0041801
10.02.2023
11.03.2023
Open

test@test.com
Introductory Cover Dog Vet












]]></system-out>
  </testcase>
  <testcase name="verifyQuoteManagePage" classname="testCases.Tc001_Login_Verify" time="4.094">
    <system-out><![CDATA[Q0041832 17.02.2023 18.03.2023 Open Pet Lover test@test.com No Product
Q0041809 10.02.2023 11.03.2023 Open test@test.com Entry (Lifetime)
Q0041808 10.02.2023 11.03.2023 Open test@test.com Superior (Lifetime)
Q0041807 10.02.2023 11.03.2023 Open RWR INTERNATIONAL COMMODITIES test@test.com Superior (Lifetime)
Q0041806 10.02.2023 11.03.2023 Open RWR INTERNATIONAL COMMODITIES test@test.com Superior (Lifetime)
Q0041805 10.02.2023 11.03.2023 Open RWR INTERNATIONAL COMMODITIES test@test.com Mid Point (Lifetime)
Q0041804 10.02.2023 11.03.2023 Open test@test.com Mid Point (Lifetime)
Q0041803 10.02.2023 11.03.2023 Open test@test.com Premier
Q0041802 10.02.2023 11.03.2023 Open test@test.com Introductory Cover Cat Breeder
Q0041801 10.02.2023 11.03.2023 Open test@test.com Introductory Cover Dog Vet

Q0041832
17.02.2023
18.03.2023
Open
Pet Lover
test@test.com
No Product













Q0041809
10.02.2023
11.03.2023
Open

test@test.com
Entry (Lifetime)













Q0041808
10.02.2023
11.03.2023
Open

test@test.com
Superior (Lifetime)













Q0041807
10.02.2023
11.03.2023
Open
RWR INTERNATIONAL COMMODITIES
test@test.com
Superior (Lifetime)













Q0041806
10.02.2023
11.03.2023
Open
RWR INTERNATIONAL COMMODITIES
test@test.com
Superior (Lifetime)













Q0041805
10.02.2023
11.03.2023
Open
RWR INTERNATIONAL COMMODITIES
test@test.com
Mid Point (Lifetime)













Q0041804
10.02.2023
11.03.2023
Open

test@test.com
Mid Point (Lifetime)













Q0041803
10.02.2023
11.03.2023
Open

test@test.com
Premier













Q0041802
10.02.2023
11.03.2023
Open

test@test.com
Introductory Cover Cat Breeder













Q0041801
10.02.2023
11.03.2023
Open

test@test.com
Introductory Cover Dog Vet












]]></system-out>
  </testcase>
  <testcase name="verifyDateFormatOnQuotePage" classname="testCases.Tc001_Login_Verify" time="1.309">
    <system-out><![CDATA[QuoteDate Column Having All Dates In Require Format
ExpireDate Column Having All Dates In Require Format
]]></system-out>
  </testcase>
  <testcase name="verifyDateFormatOnQuotePage" classname="testCases.Tc001_Login_Verify" time="1.378">
    <system-out><![CDATA[QuoteDate Column Having All Dates In Require Format
ExpireDate Column Having All Dates In Require Format
]]></system-out>
  </testcase>
  <testcase name="verifyAddQuotePageLaunch" classname="testCases.Tc001_Login_Verify" time="2.161"/>
  <testcase name="verifyAddQuotePageLaunch" classname="testCases.Tc001_Login_Verify" time="1.959"/>
  <testcase name="verifyProductListOnAddQuotePage" classname="testCases.Tc001_Login_Verify" time="5.846">
    <system-out><![CDATA[6
]]></system-out>
  </testcase>
  <testcase name="verifyProductListOnAddQuotePage" classname="testCases.Tc001_Login_Verify" time="5.924">
    <system-out><![CDATA[6
]]></system-out>
  </testcase>
  <testcase name="verifyPolicyPage" classname="testCases.Tc001_Login_Verify" time="7.25">
    <system-out><![CDATA[CHAA-00018-DSU-00000024 Q0041904 CHAA-00018 Srinivas Ch Dog Doggy0315 Active 28.02.2022 27.02.2023 No
TEST-00001-CSU-00000002 Q0041902 TEST-00001 test test Cat MIMI Active 15.03.2023 14.03.2024 No
CHAA-00018-DSU-00000023 Q0041901 CHAA-00018 Srinivas Ch Dog Doggy0315 Active 08.08.2022 07.08.2023 No
LUIS-0002-HBA-00000005 Q0041900 LUIS-0002 ZULETA Luis Horse Test Active 15.03.2023 14.03.2024 No
LUIS-0002-HBA-00000004 Q0041899 LUIS-0002 ZULETA Luis Horse Test Active 15.03.2023 14.03.2024 No
LUIS-0002-HBA-00000003 Q0041898 LUIS-0002 ZULETA Luis Horse Test Active 15.03.2023 14.03.2024 No
LUIS-0002-DMI-00000002 Q0041897 LUIS-0002 ZULETA Luis Dog Test Active 14.03.2023 13.03.2024 No
LUIS-0002-HBA-00000002 Q0041896 LUIS-0002 ZULETA Luis Horse Test Active 14.03.2023 13.03.2024 No
CHAA-00018-EDTV-00000001 Q0041895 CHAA-00018 Srinivas Ch Exotic Exot0314-8 Active 14.03.2023 13.03.2024 No
CHAA-00018-EBBPV-00000002 Q0041894 CHAA-00018 Srinivas Ch Exotic Exot0314-5 Active 14.03.2023 13.03.2024 No


CHAA-00018-DSU-00000024
Q0041904
CHAA-00018
Srinivas Ch
Dog
Doggy0315


Active

28.02.2022
27.02.2023
No



TEST-00001-CSU-00000002
Q0041902
TEST-00001
test test
Cat
MIMI


Active

15.03.2023
14.03.2024
No



CHAA-00018-DSU-00000023
Q0041901
CHAA-00018
Srinivas Ch
Dog
Doggy0315


Active

08.08.2022
07.08.2023
No



LUIS-0002-HBA-00000005
Q0041900
LUIS-0002
ZULETA Luis
Horse
Test


Active

15.03.2023
14.03.2024
No



LUIS-0002-HBA-00000004
Q0041899
LUIS-0002
ZULETA Luis
Horse
Test


Active

15.03.2023
14.03.2024
No



LUIS-0002-HBA-00000003
Q0041898
LUIS-0002
ZULETA Luis
Horse
Test


Active

15.03.2023
14.03.2024
No



LUIS-0002-DMI-00000002
Q0041897
LUIS-0002
ZULETA Luis
Dog
Test


Active

14.03.2023
13.03.2024
No



LUIS-0002-HBA-00000002
Q0041896
LUIS-0002
ZULETA Luis
Horse
Test


Active

14.03.2023
13.03.2024
No



CHAA-00018-EDTV-00000001
Q0041895
CHAA-00018
Srinivas Ch
Exotic
Exot0314-8


Active

14.03.2023
13.03.2024
No



CHAA-00018-EBBPV-00000002
Q0041894
CHAA-00018
Srinivas Ch
Exotic
Exot0314-5


Active

14.03.2023
13.03.2024
No

]]></system-out>
  </testcase>
  <testcase name="verifyPolicyPage" classname="testCases.Tc001_Login_Verify" time="7.646">
    <system-out><![CDATA[CHAA-00018-DSU-00000024 Q0041904 CHAA-00018 Srinivas Ch Dog Doggy0315 Active 28.02.2022 27.02.2023 No
TEST-00001-CSU-00000002 Q0041902 TEST-00001 test test Cat MIMI Active 15.03.2023 14.03.2024 No
CHAA-00018-DSU-00000023 Q0041901 CHAA-00018 Srinivas Ch Dog Doggy0315 Active 08.08.2022 07.08.2023 No
LUIS-0002-HBA-00000005 Q0041900 LUIS-0002 ZULETA Luis Horse Test Active 15.03.2023 14.03.2024 No
LUIS-0002-HBA-00000004 Q0041899 LUIS-0002 ZULETA Luis Horse Test Active 15.03.2023 14.03.2024 No
LUIS-0002-HBA-00000003 Q0041898 LUIS-0002 ZULETA Luis Horse Test Active 15.03.2023 14.03.2024 No
LUIS-0002-DMI-00000002 Q0041897 LUIS-0002 ZULETA Luis Dog Test Active 14.03.2023 13.03.2024 No
LUIS-0002-HBA-00000002 Q0041896 LUIS-0002 ZULETA Luis Horse Test Active 14.03.2023 13.03.2024 No
CHAA-00018-EDTV-00000001 Q0041895 CHAA-00018 Srinivas Ch Exotic Exot0314-8 Active 14.03.2023 13.03.2024 No
CHAA-00018-EBBPV-00000002 Q0041894 CHAA-00018 Srinivas Ch Exotic Exot0314-5 Active 14.03.2023 13.03.2024 No


CHAA-00018-DSU-00000024
Q0041904
CHAA-00018
Srinivas Ch
Dog
Doggy0315


Active

28.02.2022
27.02.2023
No



TEST-00001-CSU-00000002
Q0041902
TEST-00001
test test
Cat
MIMI


Active

15.03.2023
14.03.2024
No



CHAA-00018-DSU-00000023
Q0041901
CHAA-00018
Srinivas Ch
Dog
Doggy0315


Active

08.08.2022
07.08.2023
No



LUIS-0002-HBA-00000005
Q0041900
LUIS-0002
ZULETA Luis
Horse
Test


Active

15.03.2023
14.03.2024
No



LUIS-0002-HBA-00000004
Q0041899
LUIS-0002
ZULETA Luis
Horse
Test


Active

15.03.2023
14.03.2024
No



LUIS-0002-HBA-00000003
Q0041898
LUIS-0002
ZULETA Luis
Horse
Test


Active

15.03.2023
14.03.2024
No



LUIS-0002-DMI-00000002
Q0041897
LUIS-0002
ZULETA Luis
Dog
Test


Active

14.03.2023
13.03.2024
No



LUIS-0002-HBA-00000002
Q0041896
LUIS-0002
ZULETA Luis
Horse
Test


Active

14.03.2023
13.03.2024
No



CHAA-00018-EDTV-00000001
Q0041895
CHAA-00018
Srinivas Ch
Exotic
Exot0314-8


Active

14.03.2023
13.03.2024
No



CHAA-00018-EBBPV-00000002
Q0041894
CHAA-00018
Srinivas Ch
Exotic
Exot0314-5


Active

14.03.2023
13.03.2024
No

]]></system-out>
  </testcase>
  <testcase name="verifyPolicyPageDateFormat" classname="testCases.Tc001_Login_Verify" time="5.338">
    <system-out><![CDATA[StartDate Column Having All Dates In Require Format
ExpireDate Column Having All Dates In Require Format
]]></system-out>
  </testcase>
  <testcase name="verifyPolicyPageDateFormat" classname="testCases.Tc001_Login_Verify" time="5.34">
    <system-out><![CDATA[StartDate Column Having All Dates In Require Format
ExpireDate Column Having All Dates In Require Format
]]></system-out>
  </testcase>
  <testcase name="verifyPolicyInformationPageLaunch" classname="testCases.Tc001_Login_Verify" time="21.317">
    <failure message="element click intercepted: Element &lt;td class=&quot;&quot; role=&quot;gridcell&quot;&gt;...&lt;/td&gt; is not clickable at point (191, 688). Other element would receive the click: &lt;div id=&quot;gridName&quot; name=&quot;gridName&quot; data-role=&quot;grid&quot; class=&quot;k-grid k-widget k-display-block&quot;&gt;...&lt;/div&gt;&#10;  (Session info: MicrosoftEdge=111.0.1661.51)&#10;Build info: version: &apos;4.8.0&apos;, revision: &apos;267030adea&apos;&#10;System info: os.name: &apos;Windows 11&apos;, os.arch: &apos;amd64&apos;, os.version: &apos;10.0&apos;, java.version: &apos;17.0.6&apos;&#10;Driver info: org.openqa.selenium.edge.EdgeDriver&#10;Command: [ec27626e8c24ce9ebdc06ff729023f9e, clickElement {id=18ca5807-4957-4d71-a1e9-57f64503fc5c}]&#10;Capabilities {acceptInsecureCerts: false, browserName: msedge, browserVersion: 111.0.1661.51, ms:edgeOptions: {debuggerAddress: localhost:52200}, msedge: {msedgedriverVersion: 111.0.1661.44 (fc2a57ec5a41..., userDataDir: C:\Users\prowe\AppData\Loca...}, networkConnectionEnabled: false, pageLoadStrategy: normal, platformName: WINDOWS, proxy: Proxy(), se:cdp: ws://localhost:52200/devtoo..., se:cdpVersion: 111.0.1661.51, setWindowRect: true, strictFileInteractability: false, timeouts: {implicit: 0, pageLoad: 300000, script: 30000}, unhandledPromptBehavior: dismiss and notify, webauthn:extension:credBlob: true, webauthn:extension:largeBlob: true, webauthn:extension:minPinLength: true, webauthn:extension:prf: true, webauthn:virtualAuthenticators: true}&#10;Element: [[EdgeDriver: msedge on WINDOWS (ec27626e8c24ce9ebdc06ff729023f9e)] -&gt; xpath: //div[@id=&apos;gridName&apos;]/table/tbody[1]/tr/td[3]]&#10;Session ID: ec27626e8c24ce9ebdc06ff729023f9e" type="org.openqa.selenium.ElementClickInterceptedException"><![CDATA[org.openqa.selenium.ElementClickInterceptedException: 
element click intercepted: Element <td class="" role="gridcell">...</td> is not clickable at point (191, 688). Other element would receive the click: <div id="gridName" name="gridName" data-role="grid" class="k-grid k-widget k-display-block">...</div>
  (Session info: MicrosoftEdge=111.0.1661.51)
Build info: version: '4.8.0', revision: '267030adea'
System info: os.name: 'Windows 11', os.arch: 'amd64', os.version: '10.0', java.version: '17.0.6'
Driver info: org.openqa.selenium.edge.EdgeDriver
Command: [ec27626e8c24ce9ebdc06ff729023f9e, clickElement {id=18ca5807-4957-4d71-a1e9-57f64503fc5c}]
Capabilities {acceptInsecureCerts: false, browserName: msedge, browserVersion: 111.0.1661.51, ms:edgeOptions: {debuggerAddress: localhost:52200}, msedge: {msedgedriverVersion: 111.0.1661.44 (fc2a57ec5a41..., userDataDir: C:\Users\prowe\AppData\Loca...}, networkConnectionEnabled: false, pageLoadStrategy: normal, platformName: WINDOWS, proxy: Proxy(), se:cdp: ws://localhost:52200/devtoo..., se:cdpVersion: 111.0.1661.51, setWindowRect: true, strictFileInteractability: false, timeouts: {implicit: 0, pageLoad: 300000, script: 30000}, unhandledPromptBehavior: dismiss and notify, webauthn:extension:credBlob: true, webauthn:extension:largeBlob: true, webauthn:extension:minPinLength: true, webauthn:extension:prf: true, webauthn:virtualAuthenticators: true}
Element: [[EdgeDriver: msedge on WINDOWS (ec27626e8c24ce9ebdc06ff729023f9e)] -> xpath: //div[@id='gridName']/table/tbody[1]/tr/td[3]]
Session ID: ec27626e8c24ce9ebdc06ff729023f9e
	at java.base/jdk.internal.reflect.NativeConstructorAccessorImpl.newInstance0(Native Method)
	at java.base/jdk.internal.reflect.NativeConstructorAccessorImpl.newInstance(NativeConstructorAccessorImpl.java:77)
	at java.base/jdk.internal.reflect.DelegatingConstructorAccessorImpl.newInstance(DelegatingConstructorAccessorImpl.java:45)
	at java.base/java.lang.reflect.Constructor.newInstanceWithCaller(Constructor.java:499)
	at java.base/java.lang.reflect.Constructor.newInstance(Constructor.java:480)
	at org.openqa.selenium.remote.codec.w3c.W3CHttpResponseCodec.createException(W3CHttpResponseCodec.java:200)
	at org.openqa.selenium.remote.codec.w3c.W3CHttpResponseCodec.decode(W3CHttpResponseCodec.java:133)
	at org.openqa.selenium.remote.codec.w3c.W3CHttpResponseCodec.decode(W3CHttpResponseCodec.java:53)
	at org.openqa.selenium.remote.HttpCommandExecutor.execute(HttpCommandExecutor.java:184)
	at org.openqa.selenium.remote.service.DriverCommandExecutor.invokeExecute(DriverCommandExecutor.java:167)
	at org.openqa.selenium.remote.service.DriverCommandExecutor.execute(DriverCommandExecutor.java:142)
	at org.openqa.selenium.remote.RemoteWebDriver.execute(RemoteWebDriver.java:543)
	at org.openqa.selenium.remote.RemoteWebElement.execute(RemoteWebElement.java:257)
	at org.openqa.selenium.remote.RemoteWebElement.click(RemoteWebElement.java:78)
	at pageObjects.PolicyInformationPage.fetchData(PolicyInformationPage.java:55)
	at testCases.Tc001_Login_Verify.verifyPolicyInformationPageLaunch(Tc001_Login_Verify.java:216)
	at java.base/jdk.internal.reflect.NativeMethodAccessorImpl.invoke0(Native Method)
	at java.base/jdk.internal.reflect.NativeMethodAccessorImpl.invoke(NativeMethodAccessorImpl.java:77)
	at java.base/jdk.internal.reflect.DelegatingMethodAccessorImpl.invoke(DelegatingMethodAccessorImpl.java:43)
	at java.base/java.lang.reflect.Method.invoke(Method.java:568)
	at org.testng.internal.invokers.MethodInvocationHelper.invokeMethod(MethodInvocationHelper.java:139)
	at org.testng.internal.invokers.TestInvoker.invokeMethod(TestInvoker.java:677)
	at org.testng.internal.invokers.TestInvoker.invokeTestMethod(TestInvoker.java:221)
	at org.testng.internal.invokers.MethodRunner.runInSequence(MethodRunner.java:50)
	at org.testng.internal.invokers.TestInvoker$MethodInvocationAgent.invoke(TestInvoker.java:969)
	at org.testng.internal.invokers.TestInvoker.invokeTestMethods(TestInvoker.java:194)
	at org.testng.internal.invokers.TestMethodWorker.invokeTestMethods(TestMethodWorker.java:148)
	at org.testng.internal.invokers.TestMethodWorker.run(TestMethodWorker.java:128)
	at java.base/java.util.ArrayList.forEach(ArrayList.java:1511)
	at org.testng.TestRunner.privateRun(TestRunner.java:829)
	at org.testng.TestRunner.run(TestRunner.java:602)
	at org.testng.SuiteRunner.runTest(SuiteRunner.java:437)
	at org.testng.SuiteRunner.runSequentially(SuiteRunner.java:431)
	at org.testng.SuiteRunner.privateRun(SuiteRunner.java:391)
	at org.testng.SuiteRunner.run(SuiteRunner.java:330)
	at org.testng.SuiteRunnerWorker.runSuite(SuiteRunnerWorker.java:52)
	at org.testng.SuiteRunnerWorker.run(SuiteRunnerWorker.java:95)
	at org.testng.TestNG.runSuitesSequentially(TestNG.java:1256)
	at org.testng.TestNG.runSuitesLocally(TestNG.java:1176)
	at org.testng.TestNG.runSuites(TestNG.java:1099)
	at org.testng.TestNG.run(TestNG.java:1067)
	at org.apache.maven.surefire.testng.TestNGExecutor.run(TestNGExecutor.java:308)
	at org.apache.maven.surefire.testng.TestNGXmlTestSuite.execute(TestNGXmlTestSuite.java:71)
	at org.apache.maven.surefire.testng.TestNGProvider.invoke(TestNGProvider.java:113)
	at org.apache.maven.surefire.booter.ForkedBooter.runSuitesInProcess(ForkedBooter.java:385)
	at org.apache.maven.surefire.booter.ForkedBooter.execute(ForkedBooter.java:162)
	at org.apache.maven.surefire.booter.ForkedBooter.run(ForkedBooter.java:507)
	at org.apache.maven.surefire.booter.ForkedBooter.main(ForkedBooter.java:495)
]]></failure>
    <system-out><![CDATA[C:\Users\prowe\IdeaProjects\PetCover\ScreenShots\verifyPolicyInformationPageLaunch_20230323111927.png
]]></system-out>
  </testcase>
  <testcase name="verifyPolicyInformationPageLaunch" classname="testCases.Tc001_Login_Verify" time="21.605">
    <failure message="element click intercepted: Element &lt;td class=&quot;&quot; role=&quot;gridcell&quot;&gt;...&lt;/td&gt; is not clickable at point (191, 687). Other element would receive the click: &lt;div id=&quot;gridName&quot; name=&quot;gridName&quot; data-role=&quot;grid&quot; class=&quot;k-grid k-widget k-display-block&quot;&gt;...&lt;/div&gt;&#10;  (Session info: chrome=111.0.5563.66)&#10;Build info: version: &apos;4.8.0&apos;, revision: &apos;267030adea&apos;&#10;System info: os.name: &apos;Windows 11&apos;, os.arch: &apos;amd64&apos;, os.version: &apos;10.0&apos;, java.version: &apos;17.0.6&apos;&#10;Driver info: org.openqa.selenium.chrome.ChromeDriver&#10;Command: [79345c0d04366e24b2fd79d5a8982972, clickElement {id=534d85c7-e91b-4def-a2de-2aaea6ec2663}]&#10;Capabilities {acceptInsecureCerts: false, browserName: chrome, browserVersion: 111.0.5563.66, chrome: {chromedriverVersion: 111.0.5563.64 (c710e93d5b63..., userDataDir: C:\Users\prowe\AppData\Loca...}, goog:chromeOptions: {debuggerAddress: localhost:52308}, networkConnectionEnabled: false, pageLoadStrategy: normal, platformName: WINDOWS, proxy: Proxy(), se:cdp: ws://localhost:52308/devtoo..., se:cdpVersion: 111.0.5563.66, setWindowRect: true, strictFileInteractability: false, timeouts: {implicit: 0, pageLoad: 300000, script: 30000}, unhandledPromptBehavior: dismiss and notify, webauthn:extension:credBlob: true, webauthn:extension:largeBlob: true, webauthn:extension:minPinLength: true, webauthn:extension:prf: true, webauthn:virtualAuthenticators: true}&#10;Element: [[ChromeDriver: chrome on WINDOWS (79345c0d04366e24b2fd79d5a8982972)] -&gt; xpath: //div[@id=&apos;gridName&apos;]/table/tbody[1]/tr/td[3]]&#10;Session ID: 79345c0d04366e24b2fd79d5a8982972" type="org.openqa.selenium.ElementClickInterceptedException"><![CDATA[org.openqa.selenium.ElementClickInterceptedException: 
element click intercepted: Element <td class="" role="gridcell">...</td> is not clickable at point (191, 687). Other element would receive the click: <div id="gridName" name="gridName" data-role="grid" class="k-grid k-widget k-display-block">...</div>
  (Session info: chrome=111.0.5563.66)
Build info: version: '4.8.0', revision: '267030adea'
System info: os.name: 'Windows 11', os.arch: 'amd64', os.version: '10.0', java.version: '17.0.6'
Driver info: org.openqa.selenium.chrome.ChromeDriver
Command: [79345c0d04366e24b2fd79d5a8982972, clickElement {id=534d85c7-e91b-4def-a2de-2aaea6ec2663}]
Capabilities {acceptInsecureCerts: false, browserName: chrome, browserVersion: 111.0.5563.66, chrome: {chromedriverVersion: 111.0.5563.64 (c710e93d5b63..., userDataDir: C:\Users\prowe\AppData\Loca...}, goog:chromeOptions: {debuggerAddress: localhost:52308}, networkConnectionEnabled: false, pageLoadStrategy: normal, platformName: WINDOWS, proxy: Proxy(), se:cdp: ws://localhost:52308/devtoo..., se:cdpVersion: 111.0.5563.66, setWindowRect: true, strictFileInteractability: false, timeouts: {implicit: 0, pageLoad: 300000, script: 30000}, unhandledPromptBehavior: dismiss and notify, webauthn:extension:credBlob: true, webauthn:extension:largeBlob: true, webauthn:extension:minPinLength: true, webauthn:extension:prf: true, webauthn:virtualAuthenticators: true}
Element: [[ChromeDriver: chrome on WINDOWS (79345c0d04366e24b2fd79d5a8982972)] -> xpath: //div[@id='gridName']/table/tbody[1]/tr/td[3]]
Session ID: 79345c0d04366e24b2fd79d5a8982972
	at java.base/jdk.internal.reflect.NativeConstructorAccessorImpl.newInstance0(Native Method)
	at java.base/jdk.internal.reflect.NativeConstructorAccessorImpl.newInstance(NativeConstructorAccessorImpl.java:77)
	at java.base/jdk.internal.reflect.DelegatingConstructorAccessorImpl.newInstance(DelegatingConstructorAccessorImpl.java:45)
	at java.base/java.lang.reflect.Constructor.newInstanceWithCaller(Constructor.java:499)
	at java.base/java.lang.reflect.Constructor.newInstance(Constructor.java:480)
	at org.openqa.selenium.remote.codec.w3c.W3CHttpResponseCodec.createException(W3CHttpResponseCodec.java:200)
	at org.openqa.selenium.remote.codec.w3c.W3CHttpResponseCodec.decode(W3CHttpResponseCodec.java:133)
	at org.openqa.selenium.remote.codec.w3c.W3CHttpResponseCodec.decode(W3CHttpResponseCodec.java:53)
	at org.openqa.selenium.remote.HttpCommandExecutor.execute(HttpCommandExecutor.java:184)
	at org.openqa.selenium.remote.service.DriverCommandExecutor.invokeExecute(DriverCommandExecutor.java:167)
	at org.openqa.selenium.remote.service.DriverCommandExecutor.execute(DriverCommandExecutor.java:142)
	at org.openqa.selenium.remote.RemoteWebDriver.execute(RemoteWebDriver.java:543)
	at org.openqa.selenium.remote.RemoteWebElement.execute(RemoteWebElement.java:257)
	at org.openqa.selenium.remote.RemoteWebElement.click(RemoteWebElement.java:78)
	at pageObjects.PolicyInformationPage.fetchData(PolicyInformationPage.java:55)
	at testCases.Tc001_Login_Verify.verifyPolicyInformationPageLaunch(Tc001_Login_Verify.java:216)
	at java.base/jdk.internal.reflect.NativeMethodAccessorImpl.invoke0(Native Method)
	at java.base/jdk.internal.reflect.NativeMethodAccessorImpl.invoke(NativeMethodAccessorImpl.java:77)
	at java.base/jdk.internal.reflect.DelegatingMethodAccessorImpl.invoke(DelegatingMethodAccessorImpl.java:43)
	at java.base/java.lang.reflect.Method.invoke(Method.java:568)
	at org.testng.internal.invokers.MethodInvocationHelper.invokeMethod(MethodInvocationHelper.java:139)
	at org.testng.internal.invokers.TestInvoker.invokeMethod(TestInvoker.java:677)
	at org.testng.internal.invokers.TestInvoker.invokeTestMethod(TestInvoker.java:221)
	at org.testng.internal.invokers.MethodRunner.runInSequence(MethodRunner.java:50)
	at org.testng.internal.invokers.TestInvoker$MethodInvocationAgent.invoke(TestInvoker.java:969)
	at org.testng.internal.invokers.TestInvoker.invokeTestMethods(TestInvoker.java:194)
	at org.testng.internal.invokers.TestMethodWorker.invokeTestMethods(TestMethodWorker.java:148)
	at org.testng.internal.invokers.TestMethodWorker.run(TestMethodWorker.java:128)
	at java.base/java.util.ArrayList.forEach(ArrayList.java:1511)
	at org.testng.TestRunner.privateRun(TestRunner.java:829)
	at org.testng.TestRunner.run(TestRunner.java:602)
	at org.testng.SuiteRunner.runTest(SuiteRunner.java:437)
	at org.testng.SuiteRunner.runSequentially(SuiteRunner.java:431)
	at org.testng.SuiteRunner.privateRun(SuiteRunner.java:391)
	at org.testng.SuiteRunner.run(SuiteRunner.java:330)
	at org.testng.SuiteRunnerWorker.runSuite(SuiteRunnerWorker.java:52)
	at org.testng.SuiteRunnerWorker.run(SuiteRunnerWorker.java:95)
	at org.testng.TestNG.runSuitesSequentially(TestNG.java:1256)
	at org.testng.TestNG.runSuitesLocally(TestNG.java:1176)
	at org.testng.TestNG.runSuites(TestNG.java:1099)
	at org.testng.TestNG.run(TestNG.java:1067)
	at org.apache.maven.surefire.testng.TestNGExecutor.run(TestNGExecutor.java:308)
	at org.apache.maven.surefire.testng.TestNGXmlTestSuite.execute(TestNGXmlTestSuite.java:71)
	at org.apache.maven.surefire.testng.TestNGProvider.invoke(TestNGProvider.java:113)
	at org.apache.maven.surefire.booter.ForkedBooter.runSuitesInProcess(ForkedBooter.java:385)
	at org.apache.maven.surefire.booter.ForkedBooter.execute(ForkedBooter.java:162)
	at org.apache.maven.surefire.booter.ForkedBooter.run(ForkedBooter.java:507)
	at org.apache.maven.surefire.booter.ForkedBooter.main(ForkedBooter.java:495)
]]></failure>
    <system-out><![CDATA[C:\Users\prowe\IdeaProjects\PetCover\ScreenShots\verifyPolicyInformationPageLaunch_20230323112237.png
]]></system-out>
  </testcase>
  <testcase name="verifyPolicySamplePageDownLoad" classname="testCases.Tc001_Login_Verify" time="22.155"/>
  <testcase name="verifyPolicySamplePageDownLoad" classname="testCases.Tc001_Login_Verify" time="22.025"/>
  <testcase name="verifyManageClaimDateAndPondSymbol" classname="testCases.Tc001_Login_Verify" time="11.066">
    <system-out><![CDATA[StartDate Column Having All Dates In Require Format
 1,910.00
All Amount Figure Prefixed By 
 1,910.00
All Amount Figure Prefixed By 
 350.00
All Amount Figure Prefixed By 
 210.00
All Amount Figure Prefixed By 
 800.00
All Amount Figure Prefixed By 
 2,500.00
All Amount Figure Prefixed By 
 710.00
All Amount Figure Prefixed By 
 800.00
All Amount Figure Prefixed By 
 700.00
All Amount Figure Prefixed By 
 2,410.00
All Amount Figure Prefixed By 
]]></system-out>
  </testcase>
  <testcase name="verifyManageClaimDateAndPondSymbol" classname="testCases.Tc001_Login_Verify" time="11.011">
    <system-out><![CDATA[StartDate Column Having All Dates In Require Format
 1,910.00
All Amount Figure Prefixed By 
 1,910.00
All Amount Figure Prefixed By 
 350.00
All Amount Figure Prefixed By 
 210.00
All Amount Figure Prefixed By 
 800.00
All Amount Figure Prefixed By 
 2,500.00
All Amount Figure Prefixed By 
 710.00
All Amount Figure Prefixed By 
 800.00
All Amount Figure Prefixed By 
 700.00
All Amount Figure Prefixed By 
 2,410.00
All Amount Figure Prefixed By 
]]></system-out>
  </testcase>
  <testcase name="verifyClaimPageInformation" classname="testCases.Tc001_Login_Verify" time="20.514">
    <system-out><![CDATA[DOG 3-23-0007
DOG 3-23-0006
CATVA-23-0003
CATVA-23-0002
CATPL-23-0003
CATPL-23-0002
CATSD-23-0001
DOG 3-23-0005
DOG 3-23-0004
CATVA-23-0001
]]></system-out>
  </testcase>
  <testcase name="verifyClaimPageInformation" classname="testCases.Tc001_Login_Verify" time="20.396">
    <system-out><![CDATA[DOG 3-23-0007
DOG 3-23-0006
CATVA-23-0003
CATVA-23-0002
CATPL-23-0003
CATPL-23-0002
CATSD-23-0001
DOG 3-23-0005
DOG 3-23-0004
CATVA-23-0001
]]></system-out>
  </testcase>
  <testcase name="verifyApprovalClaimDashBoardDetails" classname="testCases.Tc001_Login_Verify" time="3.952">
    <system-out><![CDATA[No Records Found
]]></system-out>
  </testcase>
  <testcase name="verifyApprovalClaimDashBoardDetails" classname="testCases.Tc001_Login_Verify" time="3.867">
    <system-out><![CDATA[No Records Found
]]></system-out>
  </testcase>
  <testcase name="verifyManageTaskDashBoard" classname="testCases.Tc001_Login_Verify" time="2.821">
    <system-out><![CDATA[LUIS-0002-HBA-00000005 - Follow up Underwriting ZULETA Luis 29.03.2023 12.04.2023 Open Medium FIT sa
 
LUIS-0002-HBA-00000004 - Follow up Underwriting ZULETA Luis 29.03.2023 12.04.2023 Open Medium FIT sa
 
LUIS-0002-HBA-00000003 - Follow up Underwriting ZULETA Luis 29.03.2023 12.04.2023 Open Medium FIT sa
 
LUIS-0002-HBA-00000002 - Follow up Underwriting ZULETA Luis 28.03.2023 11.04.2023 Open Medium FIT sa
 
ALKH-0003-HBA-00000002 - Follow up Underwriting AIRCRAFT AVIONICS PARTS AND SUPPORT LTD 07.03.2023 21.03.2023 Open Medium FIT sa
 
LUIS-0001-HBA-00000002 - Follow up Underwriting ZULETA Luis 28.02.2023 14.03.2023 Open Medium FIT sa
 
KOTE-0001-HBA-00000002 - Follow up Underwriting Alexanda KOTEY 17.02.2023 03.03.2023 Open Medium FIT sa
 
Test Claims Alexanda KOTEY 10.01.2023 10.01.2023 Pending High FIT sa
 
Test Task Inbound 20.12.2022 22.12.2022 Pending High FIT sa
 
Call Customer of PetId policy 17 days after creation Policy Alice Coulter 12.08.2022 12.08.2022 Open High FIT sa
 


LUIS-0002-HBA-00000005 - Follow up
Underwriting
ZULETA Luis
29.03.2023
12.04.2023
Open
Medium
FIT sa
 


LUIS-0002-HBA-00000004 - Follow up
Underwriting
ZULETA Luis
29.03.2023
12.04.2023
Open
Medium
FIT sa
 


LUIS-0002-HBA-00000003 - Follow up
Underwriting
ZULETA Luis
29.03.2023
12.04.2023
Open
Medium
FIT sa
 


LUIS-0002-HBA-00000002 - Follow up
Underwriting
ZULETA Luis
28.03.2023
11.04.2023
Open
Medium
FIT sa
 


ALKH-0003-HBA-00000002 - Follow up
Underwriting
AIRCRAFT AVIONICS PARTS AND SUPPORT LTD
07.03.2023
21.03.2023
Open
Medium
FIT sa
 


LUIS-0001-HBA-00000002 - Follow up
Underwriting
ZULETA Luis
28.02.2023
14.03.2023
Open
Medium
FIT sa
 


KOTE-0001-HBA-00000002 - Follow up
Underwriting
Alexanda KOTEY
17.02.2023
03.03.2023
Open
Medium
FIT sa
 


Test
Claims
Alexanda KOTEY
10.01.2023
10.01.2023
Pending
High
FIT sa
 


Test Task
Inbound

20.12.2022
22.12.2022
Pending
High
FIT sa
 


Call Customer of PetId policy 17 days after creation
Policy
Alice Coulter
12.08.2022
12.08.2022
Open
High
FIT sa
 
]]></system-out>
  </testcase>
  <testcase name="verifyManageTaskDashBoard" classname="testCases.Tc001_Login_Verify" time="2.893">
    <system-out><![CDATA[LUIS-0002-HBA-00000005 - Follow up Underwriting ZULETA Luis 29.03.2023 12.04.2023 Open Medium FIT sa
 
LUIS-0002-HBA-00000004 - Follow up Underwriting ZULETA Luis 29.03.2023 12.04.2023 Open Medium FIT sa
 
LUIS-0002-HBA-00000003 - Follow up Underwriting ZULETA Luis 29.03.2023 12.04.2023 Open Medium FIT sa
 
LUIS-0002-HBA-00000002 - Follow up Underwriting ZULETA Luis 28.03.2023 11.04.2023 Open Medium FIT sa
 
ALKH-0003-HBA-00000002 - Follow up Underwriting AIRCRAFT AVIONICS PARTS AND SUPPORT LTD 07.03.2023 21.03.2023 Open Medium FIT sa
 
LUIS-0001-HBA-00000002 - Follow up Underwriting ZULETA Luis 28.02.2023 14.03.2023 Open Medium FIT sa
 
KOTE-0001-HBA-00000002 - Follow up Underwriting Alexanda KOTEY 17.02.2023 03.03.2023 Open Medium FIT sa
 
Test Claims Alexanda KOTEY 10.01.2023 10.01.2023 Pending High FIT sa
 
Test Task Inbound 20.12.2022 22.12.2022 Pending High FIT sa
 
Call Customer of PetId policy 17 days after creation Policy Alice Coulter 12.08.2022 12.08.2022 Open High FIT sa
 


LUIS-0002-HBA-00000005 - Follow up
Underwriting
ZULETA Luis
29.03.2023
12.04.2023
Open
Medium
FIT sa
 


LUIS-0002-HBA-00000004 - Follow up
Underwriting
ZULETA Luis
29.03.2023
12.04.2023
Open
Medium
FIT sa
 


LUIS-0002-HBA-00000003 - Follow up
Underwriting
ZULETA Luis
29.03.2023
12.04.2023
Open
Medium
FIT sa
 


LUIS-0002-HBA-00000002 - Follow up
Underwriting
ZULETA Luis
28.03.2023
11.04.2023
Open
Medium
FIT sa
 


ALKH-0003-HBA-00000002 - Follow up
Underwriting
AIRCRAFT AVIONICS PARTS AND SUPPORT LTD
07.03.2023
21.03.2023
Open
Medium
FIT sa
 


LUIS-0001-HBA-00000002 - Follow up
Underwriting
ZULETA Luis
28.02.2023
14.03.2023
Open
Medium
FIT sa
 


KOTE-0001-HBA-00000002 - Follow up
Underwriting
Alexanda KOTEY
17.02.2023
03.03.2023
Open
Medium
FIT sa
 


Test
Claims
Alexanda KOTEY
10.01.2023
10.01.2023
Pending
High
FIT sa
 


Test Task
Inbound

20.12.2022
22.12.2022
Pending
High
FIT sa
 


Call Customer of PetId policy 17 days after creation
Policy
Alice Coulter
12.08.2022
12.08.2022
Open
High
FIT sa
 
]]></system-out>
  </testcase>
  <testcase name="verifyAddTaskPageDetails" classname="testCases.Tc001_Login_Verify" time="7.434">
    <system-out><![CDATA[3
sa
FIT
sa
]]></system-out>
  </testcase>
  <testcase name="verifyAddTaskPageDetails" classname="testCases.Tc001_Login_Verify" time="7.063">
    <system-out><![CDATA[3
sa
FIT
sa
]]></system-out>
  </testcase>
  <testcase name="verifyQuotePageData" classname="testCases.Tc001_Login_Verify" time="13.195">
    <system-out><![CDATA[Q0041832
http://52.32.106.250:7779/Claim/Detail/0B62D081EB
Q0041809
http://52.32.106.250:7779/Quote/Detail/BBF184C132
Q0041808
http://52.32.106.250:7779/Quote/Detail/E6A162586D
Q0041807
http://52.32.106.250:7779/Quote/Detail/88E13C2831
Q0041806
http://52.32.106.250:7779/Quote/Detail/84C37BB6BA
Q0041805
http://52.32.106.250:7779/Quote/Detail/407B39516A
Q0041804
http://52.32.106.250:7779/Quote/Detail/4652A14B0A
Q0041803
http://52.32.106.250:7779/Quote/Detail/3D3CAB2A5F
Q0041802
http://52.32.106.250:7779/Quote/Detail/7871F78185
Q0041801
http://52.32.106.250:7779/Quote/Detail/6BD6266FF6
]]></system-out>
  </testcase>
  <testcase name="verifyQuotePageData" classname="testCases.Tc001_Login_Verify" time="12.853">
    <system-out><![CDATA[Q0041832
http://52.32.106.250:7779/Claim/Detail/0B62D081EB
Q0041809
http://52.32.106.250:7779/Quote/Detail/BBF184C132
Q0041808
http://52.32.106.250:7779/Quote/Detail/E6A162586D
Q0041807
http://52.32.106.250:7779/Quote/Detail/88E13C2831
Q0041806
http://52.32.106.250:7779/Quote/Detail/84C37BB6BA
Q0041805
http://52.32.106.250:7779/Quote/Detail/407B39516A
Q0041804
http://52.32.106.250:7779/Quote/Detail/4652A14B0A
Q0041803
http://52.32.106.250:7779/Quote/Detail/3D3CAB2A5F
Q0041802
http://52.32.106.250:7779/Quote/Detail/7871F78185
Q0041801
http://52.32.106.250:7779/Quote/Detail/6BD6266FF6
]]></system-out>
  </testcase>
  <testcase name="verifyMicroChipPageData" classname="testCases.Tc001_Login_Verify" time="3.15">
    <system-out><![CDATA[3 3 0 25.08.2022 Completed sa
55 55 0 04.08.2022 Completed sophiahodge
2 2 0 03.08.2022 Completed sianpadgett
3 3 0 03.08.2022 Completed sianpadgett
52 50 2 03.08.2022 Completed sophiahodge
98 95 3 02.08.2022 Completed sianpadgett
116 116 0 01.08.2022 Completed sianpadgett
99 97 2 01.08.2022 Completed sianpadgett
95 95 0 30.07.2022 Completed sophiahodge
1 1 0 29.07.2022 Completed sianpadgett

3
3
0
25.08.2022
Completed
sa

55
55
0
04.08.2022
Completed
sophiahodge

2
2
0
03.08.2022
Completed
sianpadgett

3
3
0
03.08.2022
Completed
sianpadgett

52
50
2
03.08.2022
Completed
sophiahodge

98
95
3
02.08.2022
Completed
sianpadgett

116
116
0
01.08.2022
Completed
sianpadgett

99
97
2
01.08.2022
Completed
sianpadgett

95
95
0
30.07.2022
Completed
sophiahodge

1
1
0
29.07.2022
Completed
sianpadgett
]]></system-out>
  </testcase>
  <testcase name="verifyMicroChipPageData" classname="testCases.Tc001_Login_Verify" time="3.216">
    <system-out><![CDATA[3 3 0 25.08.2022 Completed sa
55 55 0 04.08.2022 Completed sophiahodge
2 2 0 03.08.2022 Completed sianpadgett
3 3 0 03.08.2022 Completed sianpadgett
52 50 2 03.08.2022 Completed sophiahodge
98 95 3 02.08.2022 Completed sianpadgett
116 116 0 01.08.2022 Completed sianpadgett
99 97 2 01.08.2022 Completed sianpadgett
95 95 0 30.07.2022 Completed sophiahodge
1 1 0 29.07.2022 Completed sianpadgett

3
3
0
25.08.2022
Completed
sa

55
55
0
04.08.2022
Completed
sophiahodge

2
2
0
03.08.2022
Completed
sianpadgett

3
3
0
03.08.2022
Completed
sianpadgett

52
50
2
03.08.2022
Completed
sophiahodge

98
95
3
02.08.2022
Completed
sianpadgett

116
116
0
01.08.2022
Completed
sianpadgett

99
97
2
01.08.2022
Completed
sianpadgett

95
95
0
30.07.2022
Completed
sophiahodge

1
1
0
29.07.2022
Completed
sianpadgett
]]></system-out>
  </testcase>
  <testcase name="verifyQuotePagePremiumPoundSign" classname="testCases.Tc001_Login_Verify" time="9.936">
    <system-out><![CDATA[ 0.00
All Amount Figure Prefixed By 
 102.00
All Amount Figure Prefixed By 
 12.00
All Amount Figure Prefixed By 
 12.00
All Amount Figure Prefixed By 
 12.00
All Amount Figure Prefixed By 
 471.42
All Amount Figure Prefixed By 
 222.00
All Amount Figure Prefixed By 
 166.00
All Amount Figure Prefixed By 
 0.00
All Amount Figure Prefixed By 
 0.00
All Amount Figure Prefixed By 
 0.00
All Amount Figure Prefixed By 
 8.50
All Amount Figure Prefixed By 
 1.00
All Amount Figure Prefixed By 
 1.00
All Amount Figure Prefixed By 
 1.00
All Amount Figure Prefixed By 
 39.29
All Amount Figure Prefixed By 
 18.50
All Amount Figure Prefixed By 
 13.83
All Amount Figure Prefixed By 
 0.00
All Amount Figure Prefixed By 
 0.00
All Amount Figure Prefixed By 
]]></system-out>
  </testcase>
  <testcase name="verifyQuotePagePremiumPoundSign" classname="testCases.Tc001_Login_Verify" time="10.03">
    <system-out><![CDATA[ 0.00
All Amount Figure Prefixed By 
 102.00
All Amount Figure Prefixed By 
 12.00
All Amount Figure Prefixed By 
 12.00
All Amount Figure Prefixed By 
 12.00
All Amount Figure Prefixed By 
 471.42
All Amount Figure Prefixed By 
 222.00
All Amount Figure Prefixed By 
 166.00
All Amount Figure Prefixed By 
 0.00
All Amount Figure Prefixed By 
 0.00
All Amount Figure Prefixed By 
 0.00
All Amount Figure Prefixed By 
 8.50
All Amount Figure Prefixed By 
 1.00
All Amount Figure Prefixed By 
 1.00
All Amount Figure Prefixed By 
 1.00
All Amount Figure Prefixed By 
 39.29
All Amount Figure Prefixed By 
 18.50
All Amount Figure Prefixed By 
 13.83
All Amount Figure Prefixed By 
 0.00
All Amount Figure Prefixed By 
 0.00
All Amount Figure Prefixed By 
]]></system-out>
  </testcase>
  <testcase name="verifyLetterTemplatePage" classname="testCases.Tc001_Login_Verify" time="4.684">
    <system-out><![CDATA[
Letter Template Name
Subject
Up Down
Action
Cheq Payment Petplan - Cheq Payment
   
Declined within 21 days Petplan - Declined within 21 days
   
Cheque Letter FIT - Claim Cheque Letter
   
Claim Cheque FIT - Claim Cheque
   
PetCover Email - Claim Settlement EFT Template British Pet Insurance Claim for ${Claim.PetName}
   
Direct Debit Claim EFT file Petplan - Direct Debit Claim EFT
   
PetCover Email - Exotic Quote Template British Pet Insurance Quote for ${Quote.PetName}
   
PetCover Email - DD Bounce 1 British Pet Insurance Direct Debit
   
BPIS Email - DD Bounce 2 British Pet Insurance Direct Debit
   
BPIS Email - DD Cancelled British Pet Insurance Direct Debit
   
BPIS Email - DD Change Bank Details British Pet Insurance Direct Debit
   
BPIS Email - DD No Instruction British Pet Insurance Direct Debit
   
PetCover Email - DD Cancel Policy British Pet Insurance Policy Cancelled
   
BPIS Email - MTA Template British Pet Insurance Policy Amended
   
PetCover Email - Exotic Quote Template - Mamal British Pet Insurance Quote for ${Quote.PetName}
   
]]></system-out>
  </testcase>
  <testcase name="verifyLetterTemplatePage" classname="testCases.Tc001_Login_Verify" time="4.628">
    <system-out><![CDATA[
Letter Template Name
Subject
Up Down
Action
Cheq Payment Petplan - Cheq Payment
   
Declined within 21 days Petplan - Declined within 21 days
   
Cheque Letter FIT - Claim Cheque Letter
   
Claim Cheque FIT - Claim Cheque
   
PetCover Email - Claim Settlement EFT Template British Pet Insurance Claim for ${Claim.PetName}
   
Direct Debit Claim EFT file Petplan - Direct Debit Claim EFT
   
PetCover Email - Exotic Quote Template British Pet Insurance Quote for ${Quote.PetName}
   
PetCover Email - DD Bounce 1 British Pet Insurance Direct Debit
   
BPIS Email - DD Bounce 2 British Pet Insurance Direct Debit
   
BPIS Email - DD Cancelled British Pet Insurance Direct Debit
   
BPIS Email - DD Change Bank Details British Pet Insurance Direct Debit
   
BPIS Email - DD No Instruction British Pet Insurance Direct Debit
   
PetCover Email - DD Cancel Policy British Pet Insurance Policy Cancelled
   
BPIS Email - MTA Template British Pet Insurance Policy Amended
   
PetCover Email - Exotic Quote Template - Mamal British Pet Insurance Quote for ${Quote.PetName}
   
]]></system-out>
  </testcase>
  <testcase name="verifyLetterTemplatePageEditFun" classname="testCases.Tc001_Login_Verify" time="8.241"/>
  <testcase name="verifyLetterTemplatePageEditFun" classname="testCases.Tc001_Login_Verify" time="8.181"/>
  <testcase name="verifyAccountPageIcon" classname="testCases.Tc001_Login_Verify" time="3.151">
    <system-out><![CDATA[http://52.32.106.250:7779/Account/BankIndex
]]></system-out>
  </testcase>
  <testcase name="verifyAccountPageIcon" classname="testCases.Tc001_Login_Verify" time="3.037">
    <system-out><![CDATA[http://52.32.106.250:7779/Account/BankIndex
]]></system-out>
  </testcase>
  <testcase name="verifyAddClaimPageDropDown" classname="testCases.Tc001_Login_Verify" time="10.15">
    <system-out><![CDATA[Select
First Claim
On-going
Accident / injury
New Condition
]]></system-out>
  </testcase>
  <testcase name="verifyAddClaimPageDropDown" classname="testCases.Tc001_Login_Verify" time="10.031">
    <system-out><![CDATA[Select
First Claim
On-going
Accident / injury
New Condition
]]></system-out>
  </testcase>
  <testcase name="verifyLogOut" classname="testCases.Tc001_Login_Verify" time="4.47"/>
  <testcase name="verifyLogOut" classname="testCases.Tc001_Login_Verify" time="2.819"/>
</testsuite>